Grammar

    0 $accept: start $end

    1 start: expr

    2 expr: DIGIT
    3     | expr '-' expr
    4     | expr '+' expr
    5     | expr '*' expr
    6     | expr '/' expr
    7     | expr '%' expr
    8     | '(' expr ')'
    9     | '-' expr


Terminals, with rules where they appear

$end (0) 0
'%' (37) 7
'(' (40) 8
')' (41) 8
'*' (42) 5
'+' (43) 4
'-' (45) 3 9
'/' (47) 6
error (256)
DIGIT (258) 2


Nonterminals, with rules where they appear

$accept (11)
    on left: 0
start (12)
    on left: 1, on right: 0
expr (13)
    on left: 2 3 4 5 6 7 8 9, on right: 1 3 4 5 6 7 8 9


state 0

    0 $accept: . start $end

    DIGIT  shift, and go to state 1
    '-'    shift, and go to state 2
    '('    shift, and go to state 3

    start  go to state 4
    expr   go to state 5


state 1

    2 expr: DIGIT .

    $default  reduce using rule 2 (expr)


state 2

    9 expr: '-' . expr

    DIGIT  shift, and go to state 1
    '-'    shift, and go to state 2
    '('    shift, and go to state 3

    expr  go to state 6


state 3

    8 expr: '(' . expr ')'

    DIGIT  shift, and go to state 1
    '-'    shift, and go to state 2
    '('    shift, and go to state 3

    expr  go to state 7


state 4

    0 $accept: start . $end

    $end  shift, and go to state 8


state 5

    1 start: expr .
    3 expr: expr . '-' expr
    4     | expr . '+' expr
    5     | expr . '*' expr
    6     | expr . '/' expr
    7     | expr . '%' expr

    '+'  shift, and go to state 9
    '-'  shift, and go to state 10
    '/'  shift, and go to state 11
    '%'  shift, and go to state 12
    '*'  shift, and go to state 13

    $default  reduce using rule 1 (start)


state 6

    3 expr: expr . '-' expr
    4     | expr . '+' expr
    5     | expr . '*' expr
    6     | expr . '/' expr
    7     | expr . '%' expr
    9     | '-' expr .

    $default  reduce using rule 9 (expr)


state 7

    3 expr: expr . '-' expr
    4     | expr . '+' expr
    5     | expr . '*' expr
    6     | expr . '/' expr
    7     | expr . '%' expr
    8     | '(' expr . ')'

    '+'  shift, and go to state 9
    '-'  shift, and go to state 10
    '/'  shift, and go to state 11
    '%'  shift, and go to state 12
    '*'  shift, and go to state 13
    ')'  shift, and go to state 14


state 8

    0 $accept: start $end .

    $default  accept


state 9

    4 expr: expr '+' . expr

    DIGIT  shift, and go to state 1
    '-'    shift, and go to state 2
    '('    shift, and go to state 3

    expr  go to state 15


state 10

    3 expr: expr '-' . expr

    DIGIT  shift, and go to state 1
    '-'    shift, and go to state 2
    '('    shift, and go to state 3

    expr  go to state 16


state 11

    6 expr: expr '/' . expr

    DIGIT  shift, and go to state 1
    '-'    shift, and go to state 2
    '('    shift, and go to state 3

    expr  go to state 17


state 12

    7 expr: expr '%' . expr

    DIGIT  shift, and go to state 1
    '-'    shift, and go to state 2
    '('    shift, and go to state 3

    expr  go to state 18


state 13

    5 expr: expr '*' . expr

    DIGIT  shift, and go to state 1
    '-'    shift, and go to state 2
    '('    shift, and go to state 3

    expr  go to state 19


state 14

    8 expr: '(' expr ')' .

    $default  reduce using rule 8 (expr)


state 15

    3 expr: expr . '-' expr
    4     | expr . '+' expr
    4     | expr '+' expr .
    5     | expr . '*' expr
    6     | expr . '/' expr
    7     | expr . '%' expr

    $default  reduce using rule 4 (expr)


state 16

    3 expr: expr . '-' expr
    3     | expr '-' expr .
    4     | expr . '+' expr
    5     | expr . '*' expr
    6     | expr . '/' expr
    7     | expr . '%' expr

    $default  reduce using rule 3 (expr)


state 17

    3 expr: expr . '-' expr
    4     | expr . '+' expr
    5     | expr . '*' expr
    6     | expr . '/' expr
    6     | expr '/' expr .
    7     | expr . '%' expr

    $default  reduce using rule 6 (expr)


state 18

    3 expr: expr . '-' expr
    4     | expr . '+' expr
    5     | expr . '*' expr
    6     | expr . '/' expr
    7     | expr . '%' expr
    7     | expr '%' expr .

    $default  reduce using rule 7 (expr)


state 19

    3 expr: expr . '-' expr
    4     | expr . '+' expr
    5     | expr . '*' expr
    5     | expr '*' expr .
    6     | expr . '/' expr
    7     | expr . '%' expr

    $default  reduce using rule 5 (expr)
